{"/Users/kdodds/Developer/asts-workshop/demos/01_eslint-simple-demo.js": {"path":"/Users/kdodds/Developer/asts-workshop/demos/01_eslint-simple-demo.js","statementMap":{"0":{"start":{"line":1,"column":0},"end":{"line":44,"column":1}},"1":{"start":{"line":12,"column":23},"end":{"line":12,"column":46}},"2":{"start":{"line":13,"column":4},"end":{"line":42,"column":5}},"3":{"start":{"line":15,"column":8},"end":{"line":21,"column":9}},"4":{"start":{"line":16,"column":10},"end":{"line":20,"column":12}},"5":{"start":{"line":22,"column":8},"end":{"line":28,"column":9}},"6":{"start":{"line":23,"column":10},"end":{"line":27,"column":12}},"7":{"start":{"line":30,"column":10},"end":{"line":35,"column":11}},"8":{"start":{"line":31,"column":12},"end":{"line":34,"column":13}},"9":{"start":{"line":39,"column":10},"end":{"line":39,"column":78}}},"fnMap":{"0":{"name":"getFix","decl":{"start":{"line":29,"column":17},"end":{"line":29,"column":23}},"loc":{"start":{"line":29,"column":35},"end":{"line":36,"column":9}}},"1":{"name":"(anonymous_1)","decl":{"start":{"line":30,"column":17},"end":{"line":30,"column":18}},"loc":{"start":{"line":30,"column":26},"end":{"line":35,"column":11}}},"2":{"name":"isBlockOrIfStatement","decl":{"start":{"line":38,"column":17},"end":{"line":38,"column":37}},"loc":{"start":{"line":38,"column":41},"end":{"line":40,"column":9}}}},"branchMap":{"0":{"loc":{"start":{"line":15,"column":8},"end":{"line":21,"column":9}},"type":"if","locations":[{"start":{"line":15,"column":8},"end":{"line":21,"column":9}},{"start":{"line":15,"column":8},"end":{"line":21,"column":9}}]},"1":{"loc":{"start":{"line":22,"column":8},"end":{"line":28,"column":9}},"type":"if","locations":[{"start":{"line":22,"column":8},"end":{"line":28,"column":9}},{"start":{"line":22,"column":8},"end":{"line":28,"column":9}}]},"2":{"loc":{"start":{"line":39,"column":17},"end":{"line":39,"column":78}},"type":"binary-expr","locations":[{"start":{"line":39,"column":17},"end":{"line":39,"column":19}},{"start":{"line":39,"column":23},"end":{"line":39,"column":50}},{"start":{"line":39,"column":54},"end":{"line":39,"column":78}}]}},"s":{"0":1,"1":12,"2":12,"3":13,"4":5,"5":13,"6":3,"7":8,"8":8,"9":26},"f":{"0":8,"1":8,"2":26},"b":{"0":[5,8],"1":[3,10],"2":[26,19,9]},"_coverageSchema":"332fd63041d2c1bcb487cc26dd0d5f7d97098a6c","hash":"7e8aa0f325d74b4b7e92fcf951b21755fa96fdb2"}
,"/Users/kdodds/Developer/asts-workshop/demos/03_babel-simple-demo.js": {"path":"/Users/kdodds/Developer/asts-workshop/demos/03_babel-simple-demo.js","statementMap":{"0":{"start":{"line":4,"column":2},"end":{"line":14,"column":3}},"1":{"start":{"line":8,"column":53},"end":{"line":8,"column":57}},"2":{"start":{"line":9,"column":8},"end":{"line":11,"column":9}},"3":{"start":{"line":10,"column":10},"end":{"line":10,"column":73}}},"fnMap":{"0":{"name":"linePlugin","decl":{"start":{"line":3,"column":9},"end":{"line":3,"column":19}},"loc":{"start":{"line":3,"column":32},"end":{"line":15,"column":1}}}},"branchMap":{"0":{"loc":{"start":{"line":9,"column":8},"end":{"line":11,"column":9}},"type":"if","locations":[{"start":{"line":9,"column":8},"end":{"line":11,"column":9}},{"start":{"line":9,"column":8},"end":{"line":11,"column":9}}]}},"s":{"0":1,"1":10,"2":10,"3":3},"f":{"0":1},"b":{"0":[3,7]},"_coverageSchema":"332fd63041d2c1bcb487cc26dd0d5f7d97098a6c","hash":"d55ca0eb686f2a1d39f848af4821d5c86e43f77e"}
,"/Users/kdodds/Developer/asts-workshop/demos/06-codemod-advanced-demo.js": {"path":"/Users/kdodds/Developer/asts-workshop/demos/06-codemod-advanced-demo.js","statementMap":{"0":{"start":{"line":8,"column":19},"end":{"line":8,"column":24}},"1":{"start":{"line":13,"column":2},"end":{"line":60,"column":3}},"2":{"start":{"line":22,"column":12},"end":{"line":22,"column":51}},"3":{"start":{"line":24,"column":40},"end":{"line":24,"column":58}},"4":{"start":{"line":26,"column":32},"end":{"line":27,"column":37}},"5":{"start":{"line":28,"column":22},"end":{"line":28,"column":66}},"6":{"start":{"line":29,"column":8},"end":{"line":31,"column":9}},"7":{"start":{"line":30,"column":10},"end":{"line":30,"column":16}},"8":{"start":{"line":32,"column":8},"end":{"line":44,"column":9}},"9":{"start":{"line":33,"column":10},"end":{"line":33,"column":66}},"10":{"start":{"line":34,"column":15},"end":{"line":44,"column":9}},"11":{"start":{"line":35,"column":10},"end":{"line":35,"column":68}},"12":{"start":{"line":36,"column":10},"end":{"line":38,"column":11}},"13":{"start":{"line":40,"column":10},"end":{"line":40,"column":79}},"14":{"start":{"line":41,"column":10},"end":{"line":43,"column":11}},"15":{"start":{"line":45,"column":8},"end":{"line":57,"column":10}},"16":{"start":{"line":46,"column":45},"end":{"line":46,"column":54}},"17":{"start":{"line":47,"column":35},"end":{"line":47,"column":67}},"18":{"start":{"line":48,"column":10},"end":{"line":55,"column":12}},"19":{"start":{"line":49,"column":12},"end":{"line":54,"column":13}},"20":{"start":{"line":56,"column":10},"end":{"line":56,"column":28}},"21":{"start":{"line":64,"column":2},"end":{"line":84,"column":3}},"22":{"start":{"line":66,"column":6},"end":{"line":80,"column":7}},"23":{"start":{"line":67,"column":8},"end":{"line":67,"column":43}},"24":{"start":{"line":68,"column":13},"end":{"line":80,"column":7}},"25":{"start":{"line":69,"column":8},"end":{"line":69,"column":42}},"26":{"start":{"line":70,"column":13},"end":{"line":80,"column":7}},"27":{"start":{"line":71,"column":8},"end":{"line":71,"column":40}},"28":{"start":{"line":73,"column":8},"end":{"line":79,"column":9}},"29":{"start":{"line":81,"column":6},"end":{"line":81,"column":16}},"30":{"start":{"line":88,"column":2},"end":{"line":104,"column":3}},"31":{"start":{"line":89,"column":21},"end":{"line":89,"column":79}},"32":{"start":{"line":90,"column":4},"end":{"line":90,"column":56}},"33":{"start":{"line":91,"column":9},"end":{"line":104,"column":3}},"34":{"start":{"line":92,"column":4},"end":{"line":92,"column":60}},"35":{"start":{"line":93,"column":9},"end":{"line":104,"column":3}},"36":{"start":{"line":94,"column":4},"end":{"line":94,"column":15}},"37":{"start":{"line":97,"column":4},"end":{"line":102,"column":5}},"38":{"start":{"line":103,"column":4},"end":{"line":103,"column":16}},"39":{"start":{"line":108,"column":2},"end":{"line":108,"column":31}},"40":{"start":{"line":112,"column":19},"end":{"line":112,"column":54}},"41":{"start":{"line":113,"column":2},"end":{"line":128,"column":3}},"42":{"start":{"line":114,"column":16},"end":{"line":116,"column":6}},"43":{"start":{"line":117,"column":29},"end":{"line":117,"column":34}},"44":{"start":{"line":118,"column":4},"end":{"line":123,"column":6}},"45":{"start":{"line":120,"column":8},"end":{"line":120,"column":33}},"46":{"start":{"line":121,"column":8},"end":{"line":121,"column":19}},"47":{"start":{"line":124,"column":4},"end":{"line":124,"column":29}},"48":{"start":{"line":126,"column":4},"end":{"line":126,"column":58}},"49":{"start":{"line":127,"column":4},"end":{"line":127,"column":16}}},"fnMap":{"0":{"name":"importCommonJSPlugin","decl":{"start":{"line":12,"column":9},"end":{"line":12,"column":29}},"loc":{"start":{"line":12,"column":32},"end":{"line":61,"column":1}}},"1":{"name":"(anonymous_1)","decl":{"start":{"line":45,"column":32},"end":{"line":45,"column":33}},"loc":{"start":{"line":45,"column":45},"end":{"line":57,"column":9}}},"2":{"name":"(anonymous_2)","decl":{"start":{"line":48,"column":33},"end":{"line":48,"column":34}},"loc":{"start":{"line":48,"column":44},"end":{"line":55,"column":11}}},"3":{"name":"splitSpecifiers","decl":{"start":{"line":63,"column":9},"end":{"line":63,"column":24}},"loc":{"start":{"line":63,"column":37},"end":{"line":85,"column":1}}},"4":{"name":"(anonymous_4)","decl":{"start":{"line":65,"column":4},"end":{"line":65,"column":5}},"loc":{"start":{"line":65,"column":24},"end":{"line":82,"column":5}}},"5":{"name":"isCommonJSModule","decl":{"start":{"line":87,"column":9},"end":{"line":87,"column":25}},"loc":{"start":{"line":87,"column":50},"end":{"line":105,"column":1}}},"6":{"name":"isRelativePath","decl":{"start":{"line":107,"column":9},"end":{"line":107,"column":23}},"loc":{"start":{"line":107,"column":32},"end":{"line":109,"column":1}}},"7":{"name":"exportsAsESModule","decl":{"start":{"line":111,"column":9},"end":{"line":111,"column":26}},"loc":{"start":{"line":111,"column":39},"end":{"line":129,"column":1}}}},"branchMap":{"0":{"loc":{"start":{"line":26,"column":32},"end":{"line":27,"column":37}},"type":"binary-expr","locations":[{"start":{"line":26,"column":32},"end":{"line":26,"column":63}},{"start":{"line":27,"column":10},"end":{"line":27,"column":37}}]},"1":{"loc":{"start":{"line":29,"column":8},"end":{"line":31,"column":9}},"type":"if","locations":[{"start":{"line":29,"column":8},"end":{"line":31,"column":9}},{"start":{"line":29,"column":8},"end":{"line":31,"column":9}}]},"2":{"loc":{"start":{"line":29,"column":12},"end":{"line":29,"column":38}},"type":"binary-expr","locations":[{"start":{"line":29,"column":12},"end":{"line":29,"column":28}},{"start":{"line":29,"column":32},"end":{"line":29,"column":38}}]},"3":{"loc":{"start":{"line":32,"column":8},"end":{"line":44,"column":9}},"type":"if","locations":[{"start":{"line":32,"column":8},"end":{"line":44,"column":9}},{"start":{"line":32,"column":8},"end":{"line":44,"column":9}}]},"4":{"loc":{"start":{"line":34,"column":15},"end":{"line":44,"column":9}},"type":"if","locations":[{"start":{"line":34,"column":15},"end":{"line":44,"column":9}},{"start":{"line":34,"column":15},"end":{"line":44,"column":9}}]},"5":{"loc":{"start":{"line":66,"column":6},"end":{"line":80,"column":7}},"type":"if","locations":[{"start":{"line":66,"column":6},"end":{"line":80,"column":7}},{"start":{"line":66,"column":6},"end":{"line":80,"column":7}}]},"6":{"loc":{"start":{"line":68,"column":13},"end":{"line":80,"column":7}},"type":"if","locations":[{"start":{"line":68,"column":13},"end":{"line":80,"column":7}},{"start":{"line":68,"column":13},"end":{"line":80,"column":7}}]},"7":{"loc":{"start":{"line":70,"column":13},"end":{"line":80,"column":7}},"type":"if","locations":[{"start":{"line":70,"column":13},"end":{"line":80,"column":7}},{"start":{"line":70,"column":13},"end":{"line":80,"column":7}}]},"8":{"loc":{"start":{"line":88,"column":2},"end":{"line":104,"column":3}},"type":"if","locations":[{"start":{"line":88,"column":2},"end":{"line":104,"column":3}},{"start":{"line":88,"column":2},"end":{"line":104,"column":3}}]},"9":{"loc":{"start":{"line":91,"column":9},"end":{"line":104,"column":3}},"type":"if","locations":[{"start":{"line":91,"column":9},"end":{"line":104,"column":3}},{"start":{"line":91,"column":9},"end":{"line":104,"column":3}}]},"10":{"loc":{"start":{"line":93,"column":9},"end":{"line":104,"column":3}},"type":"if","locations":[{"start":{"line":93,"column":9},"end":{"line":104,"column":3}},{"start":{"line":93,"column":9},"end":{"line":104,"column":3}}]}},"s":{"0":1,"1":1,"2":8,"3":8,"4":8,"5":8,"6":8,"7":5,"8":3,"9":1,"10":2,"11":1,"12":1,"13":1,"14":1,"15":3,"16":2,"17":2,"18":2,"19":2,"20":2,"21":8,"22":11,"23":5,"24":6,"25":2,"26":4,"27":4,"28":0,"29":11,"30":8,"31":6,"32":6,"33":2,"34":0,"35":2,"36":2,"37":0,"38":0,"39":8,"40":6,"41":6,"42":6,"43":6,"44":6,"45":3,"46":3,"47":6,"48":0,"49":0},"f":{"0":1,"1":2,"2":2,"3":8,"4":11,"5":8,"6":8,"7":6},"b":{"0":[8,4],"1":[5,3],"2":[8,6],"3":[1,2],"4":[1,1],"5":[5,6],"6":[2,4],"7":[4,0],"8":[6,2],"9":[0,2],"10":[2,0]},"_coverageSchema":"332fd63041d2c1bcb487cc26dd0d5f7d97098a6c","hash":"a94fc5e2321e72921c734485f62be790f4228e13"}
}
