TN:
SF:/Users/kdodds/Developer/asts-workshop/demos/01_eslint-simple-demo.js
FN:29,getFix
FN:30,(anonymous_1)
FN:38,isBlockOrIfStatement
FNF:3
FNH:3
FNDA:8,getFix
FNDA:8,(anonymous_1)
FNDA:26,isBlockOrIfStatement
DA:1,1
DA:12,12
DA:13,12
DA:15,13
DA:16,5
DA:22,13
DA:23,3
DA:30,8
DA:31,8
DA:39,26
LF:10
LH:10
BRDA:15,0,0,5
BRDA:15,0,1,8
BRDA:22,1,0,3
BRDA:22,1,1,10
BRDA:39,2,0,26
BRDA:39,2,1,19
BRDA:39,2,2,9
BRF:7
BRH:7
end_of_record
TN:
SF:/Users/kdodds/Developer/asts-workshop/demos/03_babel-simple-demo.js
FN:3,linePlugin
FNF:1
FNH:1
FNDA:1,linePlugin
DA:4,1
DA:8,10
DA:9,10
DA:10,3
LF:4
LH:4
BRDA:9,0,0,3
BRDA:9,0,1,7
BRF:2
BRH:2
end_of_record
TN:
SF:/Users/kdodds/Developer/asts-workshop/demos/06-codemod-advanced-demo.js
FN:12,importCommonJSPlugin
FN:45,(anonymous_1)
FN:48,(anonymous_2)
FN:63,splitSpecifiers
FN:65,(anonymous_4)
FN:87,isCommonJSModule
FN:107,isRelativePath
FN:111,exportsAsESModule
FNF:8
FNH:8
FNDA:1,importCommonJSPlugin
FNDA:2,(anonymous_1)
FNDA:2,(anonymous_2)
FNDA:8,splitSpecifiers
FNDA:11,(anonymous_4)
FNDA:8,isCommonJSModule
FNDA:8,isRelativePath
FNDA:6,exportsAsESModule
DA:8,1
DA:13,1
DA:22,8
DA:24,8
DA:26,8
DA:28,8
DA:29,8
DA:30,5
DA:32,3
DA:33,1
DA:34,2
DA:35,1
DA:36,1
DA:40,1
DA:41,1
DA:45,3
DA:46,2
DA:47,2
DA:48,2
DA:49,2
DA:56,2
DA:64,8
DA:66,11
DA:67,5
DA:68,6
DA:69,2
DA:70,4
DA:71,4
DA:73,0
DA:81,11
DA:88,8
DA:89,6
DA:90,6
DA:91,2
DA:92,0
DA:93,2
DA:94,2
DA:97,0
DA:103,0
DA:108,8
DA:112,6
DA:113,6
DA:114,6
DA:117,6
DA:118,6
DA:120,3
DA:121,3
DA:124,6
DA:126,0
DA:127,0
LF:50
LH:44
BRDA:26,0,0,8
BRDA:26,0,1,4
BRDA:29,1,0,5
BRDA:29,1,1,3
BRDA:29,2,0,8
BRDA:29,2,1,6
BRDA:32,3,0,1
BRDA:32,3,1,2
BRDA:34,4,0,1
BRDA:34,4,1,1
BRDA:66,5,0,5
BRDA:66,5,1,6
BRDA:68,6,0,2
BRDA:68,6,1,4
BRDA:70,7,0,4
BRDA:70,7,1,0
BRDA:88,8,0,6
BRDA:88,8,1,2
BRDA:91,9,0,0
BRDA:91,9,1,2
BRDA:93,10,0,2
BRDA:93,10,1,0
BRF:22
BRH:19
end_of_record
